<?xml version="1.0" encoding="UTF-8"?>
<testng-results skipped="0" failed="1" ignored="0" total="6" passed="5">
  <reporter-output>
  </reporter-output>
  <suite name="Suite" duration-ms="24182" started-at="2019-11-28T15:32:59 PKT" finished-at="2019-11-28T15:33:23 PKT">
    <groups>
    </groups>
    <test name="Test" duration-ms="24182" started-at="2019-11-28T15:32:59 PKT" finished-at="2019-11-28T15:33:23 PKT">
      <class name="apidemospackage.mixed">
        <test-method status="PASS" signature="tc_five()[pri:0, instance:apidemospackage.mixed@318ba8c8]" name="tc_five" duration-ms="57" started-at="2019-11-28T15:32:59 PKT" finished-at="2019-11-28T15:32:59 PKT">
          <reporter-output>
          </reporter-output>
        </test-method> <!-- tc_five -->
        <test-method status="PASS" signature="tc_four()[pri:0, instance:apidemospackage.mixed@318ba8c8]" name="tc_four" duration-ms="2" started-at="2019-11-28T15:32:59 PKT" finished-at="2019-11-28T15:32:59 PKT">
          <reporter-output>
          </reporter-output>
        </test-method> <!-- tc_four -->
        <test-method status="PASS" signature="tc_one()[pri:0, instance:apidemospackage.mixed@318ba8c8]" name="tc_one" duration-ms="23999" started-at="2019-11-28T15:32:59 PKT" finished-at="2019-11-28T15:33:23 PKT">
          <reporter-output>
          </reporter-output>
        </test-method> <!-- tc_one -->
        <test-method status="FAIL" signature="tc_six()[pri:0, instance:apidemospackage.mixed@318ba8c8]" name="tc_six" duration-ms="3" started-at="2019-11-28T15:33:23 PKT" finished-at="2019-11-28T15:33:23 PKT">
          <exception class="java.lang.AssertionError">
            <message>
              <![CDATA[did not expect to find [true] but found [false]]]>
            </message>
            <full-stacktrace>
              <![CDATA[java.lang.AssertionError: did not expect to find [true] but found [false]
at org.testng.Assert.fail(Assert.java:97)
at org.testng.Assert.failNotEquals(Assert.java:969)
at org.testng.Assert.assertTrue(Assert.java:43)
at org.testng.Assert.assertTrue(Assert.java:53)
at apidemospackage.mixed.tc_six(mixed.java:178)
at sun.reflect.NativeMethodAccessorImpl.invoke0(Native Method)
at sun.reflect.NativeMethodAccessorImpl.invoke(NativeMethodAccessorImpl.java:62)
at sun.reflect.DelegatingMethodAccessorImpl.invoke(DelegatingMethodAccessorImpl.java:43)
at java.lang.reflect.Method.invoke(Method.java:498)
at org.testng.internal.MethodInvocationHelper.invokeMethod(MethodInvocationHelper.java:133)
at org.testng.internal.TestInvoker.invokeMethod(TestInvoker.java:584)
at org.testng.internal.TestInvoker.invokeTestMethod(TestInvoker.java:172)
at org.testng.internal.MethodRunner.runInSequence(MethodRunner.java:46)
at org.testng.internal.TestInvoker$MethodInvocationAgent.invoke(TestInvoker.java:804)
at org.testng.internal.TestInvoker.invokeTestMethods(TestInvoker.java:145)
at org.testng.internal.TestMethodWorker.invokeTestMethods(TestMethodWorker.java:146)
at org.testng.internal.TestMethodWorker.run(TestMethodWorker.java:128)
at java.util.ArrayList.forEach(ArrayList.java:1257)
at org.testng.TestRunner.privateRun(TestRunner.java:770)
at org.testng.TestRunner.run(TestRunner.java:591)
at org.testng.SuiteRunner.runTest(SuiteRunner.java:402)
at org.testng.SuiteRunner.runSequentially(SuiteRunner.java:396)
at org.testng.SuiteRunner.privateRun(SuiteRunner.java:355)
at org.testng.SuiteRunner.run(SuiteRunner.java:304)
at org.testng.SuiteRunnerWorker.runSuite(SuiteRunnerWorker.java:53)
at org.testng.SuiteRunnerWorker.run(SuiteRunnerWorker.java:96)
at org.testng.TestNG.runSuitesSequentially(TestNG.java:1180)
at org.testng.TestNG.runSuitesLocally(TestNG.java:1102)
at org.testng.TestNG.runSuites(TestNG.java:1032)
at org.testng.TestNG.run(TestNG.java:1000)
at org.apache.maven.surefire.testng.TestNGExecutor.run(TestNGExecutor.java:283)
at org.apache.maven.surefire.testng.TestNGXmlTestSuite.execute(TestNGXmlTestSuite.java:75)
at org.apache.maven.surefire.testng.TestNGProvider.invoke(TestNGProvider.java:120)
at org.apache.maven.surefire.booter.ForkedBooter.runSuitesInProcess(ForkedBooter.java:377)
at org.apache.maven.surefire.booter.ForkedBooter.execute(ForkedBooter.java:138)
at org.apache.maven.surefire.booter.ForkedBooter.run(ForkedBooter.java:465)
at org.apache.maven.surefire.booter.ForkedBooter.main(ForkedBooter.java:451)
]]>
            </full-stacktrace>
          </exception> <!-- java.lang.AssertionError -->
          <reporter-output>
          </reporter-output>
        </test-method> <!-- tc_six -->
        <test-method status="PASS" signature="tc_three()[pri:0, instance:apidemospackage.mixed@318ba8c8]" name="tc_three" duration-ms="2" started-at="2019-11-28T15:33:23 PKT" finished-at="2019-11-28T15:33:23 PKT">
          <reporter-output>
          </reporter-output>
        </test-method> <!-- tc_three -->
        <test-method status="PASS" signature="tc_two()[pri:0, instance:apidemospackage.mixed@318ba8c8]" name="tc_two" duration-ms="1" started-at="2019-11-28T15:33:23 PKT" finished-at="2019-11-28T15:33:23 PKT">
          <reporter-output>
          </reporter-output>
        </test-method> <!-- tc_two -->
      </class> <!-- apidemospackage.mixed -->
    </test> <!-- Test -->
  </suite> <!-- Suite -->
</testng-results>
